<?xml version="1.0" encoding="UTF-8"?>
<testng-results ignored="0" total="2" passed="2" failed="0" skipped="0">
  <reporter-output>
  </reporter-output>
  <suite started-at="2022-12-15T20:48:11 EST" name="Suite" finished-at="2022-12-15T20:48:11 EST" duration-ms="74">
    <groups>
    </groups>
    <test started-at="2022-12-15T20:48:11 EST" name="Test" finished-at="2022-12-15T20:48:11 EST" duration-ms="74">
      <class name="lesson23.TestA">
        <test-method signature="testA1()[pri:0, instance:lesson23.TestA@13fd2ccd]" started-at="2022-12-15T20:48:11 EST" name="testA1" finished-at="2022-12-15T20:48:11 EST" duration-ms="10" status="PASS">
          <reporter-output>
          </reporter-output>
        </test-method> <!-- testA1 -->
        <test-method signature="testA2()[pri:0, instance:lesson23.TestA@13fd2ccd]" started-at="2022-12-15T20:48:11 EST" name="testA2" finished-at="2022-12-15T20:48:11 EST" duration-ms="2" status="PASS">
          <reporter-output>
          </reporter-output>
        </test-method> <!-- testA2 -->
      </class> <!-- lesson23.TestA -->
    </test> <!-- Test -->
  </suite> <!-- Suite -->
</testng-results>
